CRITICAL - 2023-08-16 09:58:07 --> Call to undefined function set_value()
in APPPATH\Views\dashboard.php on line 64.
 1 SYSTEMPATH\View\View.php(224): include()
 2 SYSTEMPATH\View\View.php(227): CodeIgniter\View\View->CodeIgniter\View\{closure}()
 3 SYSTEMPATH\Common.php(1180): CodeIgniter\View\View->render('dashboard', [], true)
 4 APPPATH\Controllers\Home.php(226): view('dashboard', [...])
 5 SYSTEMPATH\CodeIgniter.php(932): App\Controllers\Home->dashboard()
 6 SYSTEMPATH\CodeIgniter.php(497): CodeIgniter\CodeIgniter->runController(Object(App\Controllers\Home))
 7 SYSTEMPATH\CodeIgniter.php(366): CodeIgniter\CodeIgniter->handleRequest(null, Object(Config\Cache), false)
 8 FCPATH\index.php(67): CodeIgniter\CodeIgniter->run()
CRITICAL - 2023-08-16 09:58:49 --> Call to undefined function set_value()
in APPPATH\Views\dashboard.php on line 64.
 1 SYSTEMPATH\View\View.php(224): include()
 2 SYSTEMPATH\View\View.php(227): CodeIgniter\View\View->CodeIgniter\View\{closure}()
 3 SYSTEMPATH\Common.php(1180): CodeIgniter\View\View->render('dashboard', [], true)
 4 APPPATH\Controllers\Home.php(226): view('dashboard', [...])
 5 SYSTEMPATH\CodeIgniter.php(932): App\Controllers\Home->dashboard()
 6 SYSTEMPATH\CodeIgniter.php(497): CodeIgniter\CodeIgniter->runController(Object(App\Controllers\Home))
 7 SYSTEMPATH\CodeIgniter.php(366): CodeIgniter\CodeIgniter->handleRequest(null, Object(Config\Cache), false)
 8 FCPATH\index.php(67): CodeIgniter\CodeIgniter->run()
CRITICAL - 2023-08-16 09:58:50 --> Call to undefined function set_value()
in APPPATH\Views\dashboard.php on line 64.
 1 SYSTEMPATH\View\View.php(224): include()
 2 SYSTEMPATH\View\View.php(227): CodeIgniter\View\View->CodeIgniter\View\{closure}()
 3 SYSTEMPATH\Common.php(1180): CodeIgniter\View\View->render('dashboard', [], true)
 4 APPPATH\Controllers\Home.php(226): view('dashboard', [...])
 5 SYSTEMPATH\CodeIgniter.php(932): App\Controllers\Home->dashboard()
 6 SYSTEMPATH\CodeIgniter.php(497): CodeIgniter\CodeIgniter->runController(Object(App\Controllers\Home))
 7 SYSTEMPATH\CodeIgniter.php(366): CodeIgniter\CodeIgniter->handleRequest(null, Object(Config\Cache), false)
 8 FCPATH\index.php(67): CodeIgniter\CodeIgniter->run()
CRITICAL - 2023-08-16 09:58:59 --> Call to undefined function set_value()
in APPPATH\Views\dashboard.php on line 64.
 1 SYSTEMPATH\View\View.php(224): include()
 2 SYSTEMPATH\View\View.php(227): CodeIgniter\View\View->CodeIgniter\View\{closure}()
 3 SYSTEMPATH\Common.php(1180): CodeIgniter\View\View->render('dashboard', [], true)
 4 APPPATH\Controllers\Home.php(226): view('dashboard', [...])
 5 SYSTEMPATH\CodeIgniter.php(932): App\Controllers\Home->dashboard()
 6 SYSTEMPATH\CodeIgniter.php(497): CodeIgniter\CodeIgniter->runController(Object(App\Controllers\Home))
 7 SYSTEMPATH\CodeIgniter.php(366): CodeIgniter\CodeIgniter->handleRequest(null, Object(Config\Cache), false)
 8 FCPATH\index.php(67): CodeIgniter\CodeIgniter->run()
CRITICAL - 2023-08-16 09:59:00 --> Call to undefined function set_value()
in APPPATH\Views\dashboard.php on line 64.
 1 SYSTEMPATH\View\View.php(224): include()
 2 SYSTEMPATH\View\View.php(227): CodeIgniter\View\View->CodeIgniter\View\{closure}()
 3 SYSTEMPATH\Common.php(1180): CodeIgniter\View\View->render('dashboard', [], true)
 4 APPPATH\Controllers\Home.php(226): view('dashboard', [...])
 5 SYSTEMPATH\CodeIgniter.php(932): App\Controllers\Home->dashboard()
 6 SYSTEMPATH\CodeIgniter.php(497): CodeIgniter\CodeIgniter->runController(Object(App\Controllers\Home))
 7 SYSTEMPATH\CodeIgniter.php(366): CodeIgniter\CodeIgniter->handleRequest(null, Object(Config\Cache), false)
 8 FCPATH\index.php(67): CodeIgniter\CodeIgniter->run()
